<?xml version="1.0" encoding="UTF-8"?>
<!-- Generated by org.testng.reporters.JUnitReportReporter -->
<testsuite skipped="0" hostname="TEMS-CTXHSD1" name="crossBrowsers.XmlDemo1" tests="1" failures="0" timestamp="2021-05-18T10:54:39 IST" time="0.002" errors="0">
  <testcase name="displayResult" time="0.002" classname="crossBrowsers.XmlDemo1"/>
  <system-out/>
</testsuite> <!-- crossBrowsers.XmlDemo1 -->
