<?xml version="1.0" encoding="UTF-8"?>
<!-- Generated by org.testng.reporters.JUnitReportReporter -->
<testsuite skipped="0" hostname="TEMS-CTXHSD1" name="testngTutorial.VerifyErrormessage" tests="1" failures="0" timestamp="2021-05-17T12:00:47 IST" time="6.508" errors="0">
  <testcase name="errorverify" time="6.508" classname="testngTutorial.VerifyErrormessage"/>
  <system-out/>
</testsuite> <!-- testngTutorial.VerifyErrormessage -->
