<?xml version="1.0" encoding="UTF-8"?>
<!-- Generated by org.testng.reporters.JUnitReportReporter -->
<testsuite skipped="0" hostname="TEMS-CTXHSD1" name="testngTutorial.VerifyTitles" tests="1" failures="0" timestamp="2021-05-17T11:22:49 IST" time="8.224" errors="0">
  <testcase name="verifyApplicationTitle" time="8.224" classname="testngTutorial.VerifyTitles"/>
  <system-out/>
</testsuite> <!-- testngTutorial.VerifyTitles -->
