<?xml version="1.0" encoding="UTF-8"?>
<!-- Generated by org.testng.reporters.JUnitReportReporter -->
<testsuite skipped="0" hostname="TEMS-CTXHSD1" name="testngTutorial.MyApplication2" tests="3" failures="0" timestamp="2021-05-17T10:42:45 IST" time="5.845" errors="0">
  <testcase name="startApp" time="1.352" classname="testngTutorial.MyApplication2"/>
  <system-out/>
  <testcase name="logoutApp" time="1.872" classname="testngTutorial.MyApplication2"/>
  <system-out/>
  <testcase name="loginApp" time="2.621" classname="testngTutorial.MyApplication2"/>
  <system-out/>
</testsuite> <!-- testngTutorial.MyApplication2 -->
